2020-09-22 13:28:58 [scrapy] DEBUG: Crawled (200) <GET https://www.amazon.ca/robots.txt> (referer: None)
2020-09-22 13:28:58 [scrapy] DEBUG: Retrying <GET https://www.amazon.ca/Echo-Dot-3rd-gen-Charcoal/product-reviews/B07PDHT5XP/ref=cm_cr_arp_d_paging_btm_next_2?ie=UTF8> (failed 1 times): 503 Service Unavailable
2020-09-22 13:28:58 [scrapy] DEBUG: Retrying <GET https://www.amazon.ca/Echo-Dot-3rd-gen-Charcoal/product-reviews/B07PDHT5XP/ref=cm_cr_arp_d_paging_btm_next_2?ie=UTF8> (failed 2 times): 503 Service Unavailable
2020-09-22 13:28:58 [scrapy] ERROR: Gave up retrying <GET https://www.amazon.ca/Echo-Dot-3rd-gen-Charcoal/product-reviews/B07PDHT5XP/ref=cm_cr_arp_d_paging_btm_next_2?ie=UTF8> (failed 3 times): 503 Service Unavailable
2020-09-22 13:28:58 [scrapy] DEBUG: Crawled (503) <GET https://www.amazon.ca/Echo-Dot-3rd-gen-Charcoal/product-reviews/B07PDHT5XP/ref=cm_cr_arp_d_paging_btm_next_2?ie=UTF8> (referer: None)
2020-09-22 13:28:58 [scrapy] INFO: Ignoring response <503 https://www.amazon.ca/Echo-Dot-3rd-gen-Charcoal/product-reviews/B07PDHT5XP/ref=cm_cr_arp_d_paging_btm_next_2?ie=UTF8>: HTTP status code is not handled or not allowed
2020-09-22 13:28:58 [scrapy] INFO: Closing spider (finished)
2020-09-22 13:28:58 [scrapy] INFO: Dumping Scrapy stats:
{'downloader/request_bytes': 1144,
 'downloader/request_count': 4,
 'downloader/request_method_count/GET': 4,
 'downloader/response_bytes': 11369,
 'downloader/response_count': 4,
 'downloader/response_status_count/200': 1,
 'downloader/response_status_count/503': 3,
 'elapsed_time_seconds': 0.650078,
 'finish_reason': 'finished',
 'finish_time': datetime.datetime(2020, 9, 22, 19, 28, 58, 506766),
 'httperror/response_ignored_count': 1,
 'httperror/response_ignored_status_count/503': 1,
 'log_count/DEBUG': 4,
 'log_count/ERROR': 1,
 'log_count/INFO': 8,
 'response_received_count': 2,
 'retry/count': 2,
 'retry/max_reached': 1,
 'retry/reason_count/503 Service Unavailable': 2,
 'robotstxt/request_count': 1,
 'robotstxt/response_count': 1,
 'robotstxt/response_status_count/200': 1,
 'scheduler/dequeued': 3,
 'scheduler/dequeued/memory': 3,
 'scheduler/enqueued': 3,
 'scheduler/enqueued/memory': 3,
 'start_time': datetime.datetime(2020, 9, 22, 19, 28, 57, 856688)}
2020-09-22 13:28:58 [scrapy] INFO: Spider closed (finished)
